Unity Editor version:    2021.3.8f1 (b30333d56e81)
Branch:                  2021.3/staging
Build type:              Release
Batch mode:              YES
macOS version:           Version 12.2 (Build 21D5025f)
Darwin version:          21.3.0
Architecture:            x86_64
Running under Rosetta:   NO
Available memory:        16384 MB
Using pre-set license
Pro License: YES

COMMAND LINE ARGUMENTS:
/Applications/Unity/Hub/Editor/2021.3.8f1/Unity.app/Contents/MacOS/Unity
-adb2
-batchMode
-noUpm
-name
AssetImportWorker0
-projectPath
/Users/mac/Desktop/Create with Ezege/Football Quiz
-logFile
Logs/AssetImportWorker0.log
-srvPort
57077
Successfully changed project path to: /Users/mac/Desktop/Create with Ezege/Football Quiz
/Users/mac/Desktop/Create with Ezege/Football Quiz
[UnityMemory] Configuration Parameters - Can be set up in boot.config
    "memorysetup-bucket-allocator-granularity=16"
    "memorysetup-bucket-allocator-bucket-count=8"
    "memorysetup-bucket-allocator-block-size=33554432"
    "memorysetup-bucket-allocator-block-count=8"
    "memorysetup-main-allocator-block-size=16777216"
    "memorysetup-thread-allocator-block-size=16777216"
    "memorysetup-gfx-main-allocator-block-size=16777216"
    "memorysetup-gfx-thread-allocator-block-size=16777216"
    "memorysetup-cache-allocator-block-size=4194304"
    "memorysetup-typetree-allocator-block-size=2097152"
    "memorysetup-profiler-bucket-allocator-granularity=16"
    "memorysetup-profiler-bucket-allocator-bucket-count=8"
    "memorysetup-profiler-bucket-allocator-block-size=33554432"
    "memorysetup-profiler-bucket-allocator-block-count=8"
    "memorysetup-profiler-allocator-block-size=16777216"
    "memorysetup-profiler-editor-allocator-block-size=1048576"
    "memorysetup-temp-allocator-size-main=16777216"
    "memorysetup-job-temp-allocator-block-size=2097152"
    "memorysetup-job-temp-allocator-block-size-background=1048576"
    "memorysetup-job-temp-allocator-reduction-small-platforms=262144"
    "memorysetup-temp-allocator-size-background-worker=32768"
    "memorysetup-temp-allocator-size-job-worker=262144"
    "memorysetup-temp-allocator-size-preload-manager=33554432"
    "memorysetup-temp-allocator-size-nav-mesh-worker=65536"
    "memorysetup-temp-allocator-size-audio-worker=65536"
    "memorysetup-temp-allocator-size-cloud-worker=32768"
    "memorysetup-temp-allocator-size-gi-baking-worker=262144"
    "memorysetup-temp-allocator-size-gfx=262144"
Refreshing native plugins compatible for Editor in 114.77 ms, found 2 plugins.
Preloading 0 native plugins for Editor in 0.00 ms.
Initialize engine version: 2021.3.8f1 (b30333d56e81)
[Subsystems] Discovering subsystems at path /Applications/Unity/Hub/Editor/2021.3.8f1/Unity.app/Contents/Resources/UnitySubsystems
[Subsystems] Discovering subsystems at path /Users/mac/Desktop/Create with Ezege/Football Quiz/Assets
GfxDevice: creating device client; threaded=0; jobified=0
AAA preferred device: AMD Radeon Pro 555 (high power)
Metal devices available: 2
0: AMD Radeon Pro 555 (high power)
1: Intel(R) HD Graphics 630 (low power)
Using device AMD Radeon Pro 555 (high power)
Initializing Metal device caps: AMD Radeon Pro 555
Initialize mono
Mono path[0] = '/Applications/Unity/Hub/Editor/2021.3.8f1/Unity.app/Contents/Managed'
Mono path[1] = '/Applications/Unity/Hub/Editor/2021.3.8f1/Unity.app/Contents/MonoBleedingEdge/lib/mono/unityjit-macos'
Mono config path = '/Applications/Unity/Hub/Editor/2021.3.8f1/Unity.app/Contents/MonoBleedingEdge/etc'
Using monoOptions --debugger-agent=transport=dt_socket,embedding=1,server=y,suspend=n,address=127.0.0.1:56753
Begin MonoManager ReloadAssembly
Registering precompiled unity dll's ...
Register platform support module: /Applications/Unity/Hub/Editor/2021.3.8f1/PlaybackEngines/WebGLSupport/UnityEditor.WebGL.Extensions.dll
Register platform support module: /Applications/Unity/Hub/Editor/2021.3.8f1/Unity.app/Contents/PlaybackEngines/MacStandaloneSupport/UnityEditor.OSXStandalone.Extensions.dll
Register platform support module: /Applications/Unity/Hub/Editor/2021.3.8f1/PlaybackEngines/AndroidPlayer/UnityEditor.Android.Extensions.dll
Register platform support module: /Applications/Unity/Hub/Editor/2021.3.8f1/PlaybackEngines/iOSSupport/UnityEditor.iOS.Extensions.dll
Register platform support module: /Applications/Unity/Hub/Editor/2021.3.8f1/PlaybackEngines/WindowsStandaloneSupport/UnityEditor.WindowsStandalone.Extensions.dll
Registered in 0.003085 seconds.
Native extension for WindowsStandalone target not found
[usbmuxd] Start listen thread
[usbmuxd] Listen thread started
[usbmuxd] Send listen message
Native extension for iOS target not found
2022-10-19 01:47:29.598 Unity[18753:1042528] [XcodeApplications] Failed to read NSDictionary from path @не/Contents/Info.plist
Native extension for Android target not found
Native extension for OSXStandalone target not found
Native extension for WebGL target not found
Refreshing native plugins compatible for Editor in 121.64 ms, found 2 plugins.
Preloading 0 native plugins for Editor in 0.00 ms.
Mono: successfully reloaded assembly
- Completed reload, in  1.017 seconds
Domain Reload Profiling:
	ReloadAssembly (1018ms)
		BeginReloadAssembly (77ms)
			ExecutionOrderSort (0ms)
			DisableScriptedObjects (0ms)
			BackupInstance (0ms)
			ReleaseScriptingObjects (0ms)
			CreateAndSetChildDomain (1ms)
		EndReloadAssembly (778ms)
			LoadAssemblies (76ms)
			RebuildTransferFunctionScriptingTraits (0ms)
			SetupTypeCache (169ms)
			ReleaseScriptCaches (0ms)
			RebuildScriptCaches (54ms)
			SetupLoadedEditorAssemblies (485ms)
				LogAssemblyErrors (0ms)
				InitializePlatformSupportModulesInManaged (158ms)
				SetLoadedEditorAssemblies (1ms)
				RefreshPlugins (122ms)
				BeforeProcessingInitializeOnLoad (2ms)
				ProcessInitializeOnLoadAttributes (138ms)
				ProcessInitializeOnLoadMethodAttributes (66ms)
				AfterProcessingInitializeOnLoad (0ms)
				EditorAssembliesLoaded (0ms)
			ExecutionOrderSort2 (0ms)
			AwakeInstancesAfterBackupRestoration (0ms)
Platform modules already initialized, skipping
Registering precompiled user dll's ...
Registered in 0.003281 seconds.
Begin MonoManager ReloadAssembly
Symbol file LoadedFromMemory doesn't match image /Users/mac/Desktop/Create with Ezege/Football Quiz/Library/PackageCache/com.unity.visualscripting@1.7.8/Editor/VisualScripting.Core/Dependencies/YamlDotNet/Unity.VisualScripting.YamlDotNet.dll
Symbol file LoadedFromMemory doesn't match image /Users/mac/Desktop/Create with Ezege/Football Quiz/Library/PackageCache/com.unity.visualscripting@1.7.8/Editor/VisualScripting.Core/Dependencies/DotNetZip/Unity.VisualScripting.IonicZip.dll
Native extension for WindowsStandalone target not found
Native extension for iOS target not found
2022-10-19 01:47:31.849 Unity[18753:1042528] [XcodeApplications] Failed to read NSDictionary from path @не/Contents/Info.plist
Native extension for Android target not found
Native extension for OSXStandalone target not found
Native extension for WebGL target not found
Refreshing native plugins compatible for Editor in 0.61 ms, found 2 plugins.
Preloading 0 native plugins for Editor in 0.00 ms.
Mono: successfully reloaded assembly
- Completed reload, in  1.714 seconds
Domain Reload Profiling:
	ReloadAssembly (1715ms)
		BeginReloadAssembly (257ms)
			ExecutionOrderSort (0ms)
			DisableScriptedObjects (10ms)
			BackupInstance (0ms)
			ReleaseScriptingObjects (0ms)
			CreateAndSetChildDomain (143ms)
		EndReloadAssembly (1287ms)
			LoadAssemblies (93ms)
			RebuildTransferFunctionScriptingTraits (0ms)
			SetupTypeCache (432ms)
			ReleaseScriptCaches (2ms)
			RebuildScriptCaches (80ms)
			SetupLoadedEditorAssemblies (616ms)
				LogAssemblyErrors (0ms)
				InitializePlatformSupportModulesInManaged (37ms)
				SetLoadedEditorAssemblies (1ms)
				RefreshPlugins (1ms)
				BeforeProcessingInitializeOnLoad (112ms)
				ProcessInitializeOnLoadAttributes (421ms)
				ProcessInitializeOnLoadMethodAttributes (41ms)
				AfterProcessingInitializeOnLoad (2ms)
				EditorAssembliesLoaded (0ms)
			ExecutionOrderSort2 (0ms)
			AwakeInstancesAfterBackupRestoration (7ms)
Platform modules already initialized, skipping
========================================================================
Worker process is ready to serve import requests
Launching external process: /Applications/Unity/Hub/Editor/2021.3.8f1/Unity.app/Contents/Tools/UnityShaderCompiler
Launched and connected shader compiler UnityShaderCompiler after 0.09 seconds
Refreshing native plugins compatible for Editor in 0.60 ms, found 2 plugins.
Preloading 0 native plugins for Editor in 0.00 ms.
Unloading 3394 Unused Serialized files (Serialized files now loaded: 0)
Unloading 27 unused Assets / (95.1 KB). Loaded Objects now: 3854.
Memory consumption went from 233.5 MB to 233.4 MB.
Total: 4.065175 ms (FindLiveObjects: 0.298407 ms CreateObjectMapping: 0.229343 ms MarkObjects: 3.368244 ms  DeleteObjects: 0.168013 ms)

AssetImportParameters requested are different than current active one (requested -> active):
  custom:video-decoder-ogg-theora: a1e56fd34408186e4bbccfd4996cb3dc -> 
  custom:container-muxer-webm: aa71ff27fc2769a1b78a27578f13a17b -> 
  custom:container-demuxer-webm: 4f35f7cbe854078d1ac9338744f61a02 -> 
  custom:video-encoder-webm-vp8: eb34c28f22e8b96e1ab97ce403110664 -> 
  custom:framework-osx-AVFoundation: e770b220cccbd017edd2c1fefb359320 -> 
  custom:audio-encoder-webm-vorbis: bf7c407c2cedff20999df2af8eb42d56 -> 
  custom:container-demuxer-ogg: 62fdf1f143b41e24485cea50d1cbac27 -> 
  custom:video-decoder-webm-vp8: 9c59270c3fd7afecdb556c50c9e8de78 -> 
  custom:audio-decoder-ogg-vorbis: bf7c407c2cedff20999df2af8eb42d56 -> 
========================================================================
Received Import Request.
  Time since last request: 113026.898091 seconds.
  path: Assets/QuestionRes/QuestionData.asset
  artifactKey: Guid(4195dfbe65eee60408b2d51f90565a2c) Importer(815301076,1909f56bfc062723c751e8b465ee728b)
Start importing Assets/QuestionRes/QuestionData.asset using Guid(4195dfbe65eee60408b2d51f90565a2c) Importer(815301076,1909f56bfc062723c751e8b465ee728b)  -> (artifact id: '1dce785cc79055c082dfdb62e026d602') in 0.991164 seconds 
========================================================================
Received Import Request.
  Time since last request: 308.654275 seconds.
  path: Assets/QuestionRes/QuestionData.asset
  artifactKey: Guid(4195dfbe65eee60408b2d51f90565a2c) Importer(815301076,1909f56bfc062723c751e8b465ee728b)
Start importing Assets/QuestionRes/QuestionData.asset using Guid(4195dfbe65eee60408b2d51f90565a2c) Importer(815301076,1909f56bfc062723c751e8b465ee728b)  -> (artifact id: 'eeb590586bb6cef876bfbad19620772f') in 0.003152 seconds 
========================================================================
Received Import Request.
  Time since last request: 76.750642 seconds.
  path: Assets/QuestionRes/QuestionData.asset
  artifactKey: Guid(4195dfbe65eee60408b2d51f90565a2c) Importer(815301076,1909f56bfc062723c751e8b465ee728b)
Start importing Assets/QuestionRes/QuestionData.asset using Guid(4195dfbe65eee60408b2d51f90565a2c) Importer(815301076,1909f56bfc062723c751e8b465ee728b)  -> (artifact id: 'f3dda12aa5ef01d1bc263e83af4eac7c') in 0.002536 seconds 
========================================================================
Received Import Request.
  Time since last request: 141.303212 seconds.
  path: Assets/QuestionRes/QuestionData.asset
  artifactKey: Guid(4195dfbe65eee60408b2d51f90565a2c) Importer(815301076,1909f56bfc062723c751e8b465ee728b)
Start importing Assets/QuestionRes/QuestionData.asset using Guid(4195dfbe65eee60408b2d51f90565a2c) Importer(815301076,1909f56bfc062723c751e8b465ee728b)  -> (artifact id: '552a817a03f5914d5351cea730979177') in 0.002614 seconds 
========================================================================
Received Import Request.
  Time since last request: 9.505875 seconds.
  path: Assets/SCripts/Quiz/QuizManager.cs
  artifactKey: Guid(1446da17b2044c64d91cee73f8ca1d92) Importer(815301076,1909f56bfc062723c751e8b465ee728b)
Start importing Assets/SCripts/Quiz/QuizManager.cs using Guid(1446da17b2044c64d91cee73f8ca1d92) Importer(815301076,1909f56bfc062723c751e8b465ee728b)  -> (artifact id: '84570ecbe70e7176a10800c08b35e64a') in 0.238068 seconds 
========================================================================
Received Import Request.
  Time since last request: 3.081442 seconds.
  path: Assets/SCripts/Quiz/QuizUI.cs
  artifactKey: Guid(8993f86125403db44a5c03e4fc73c9aa) Importer(815301076,1909f56bfc062723c751e8b465ee728b)
Start importing Assets/SCripts/Quiz/QuizUI.cs using Guid(8993f86125403db44a5c03e4fc73c9aa) Importer(815301076,1909f56bfc062723c751e8b465ee728b)  -> (artifact id: '596ef998e0d98c14271f3e82cca79841') in 0.006680 seconds 
========================================================================
Received Import Request.
  Time since last request: 119.193742 seconds.
  path: Assets/QuestionRes/QuestionData.asset
  artifactKey: Guid(4195dfbe65eee60408b2d51f90565a2c) Importer(815301076,1909f56bfc062723c751e8b465ee728b)
Start importing Assets/QuestionRes/QuestionData.asset using Guid(4195dfbe65eee60408b2d51f90565a2c) Importer(815301076,1909f56bfc062723c751e8b465ee728b)  -> (artifact id: 'b2abf6d51788bd127d8c36c58a64b704') in 0.003240 seconds 
========================================================================
Received Import Request.
  Time since last request: 109.959278 seconds.
  path: Assets/QuestionRes/QuestionData.asset
  artifactKey: Guid(4195dfbe65eee60408b2d51f90565a2c) Importer(815301076,1909f56bfc062723c751e8b465ee728b)
Start importing Assets/QuestionRes/QuestionData.asset using Guid(4195dfbe65eee60408b2d51f90565a2c) Importer(815301076,1909f56bfc062723c751e8b465ee728b)  -> (artifact id: '2effbda4028341f9c19b09d9cbb18867') in 0.002289 seconds 
